<?xml version="1.0" encoding="UTF-8"?>
<!-- Generated by org.testng.reporters.JUnitReportReporter -->
<testsuite hostname="LAPTOP-S3DRP5F2" failures="0" tests="2" name="tests.LoginTest" time="10.081" errors="0" timestamp="2025-08-02T12:15:00 IST" skipped="0">
  <testcase classname="tests.LoginTest" name="testLogin" time="3.552"/>
  <testcase classname="tests.LoginTest" name="testLogin" time="6.529"/>
</testsuite> <!-- tests.LoginTest -->
