<?xml version="1.0" encoding="UTF-8"?>
<!-- Generated by org.testng.reporters.JUnitReportReporter -->
<testsuite hostname="LAPTOP-S3DRP5F2" failures="0" tests="2" name="tests.LoginTest" time="9.846" errors="0" timestamp="2025-08-01T11:55:20 IST" skipped="0">
  <testcase classname="tests.LoginTest" name="testLogin" time="4.910"/>
  <testcase classname="tests.LoginTest" name="testLogin" time="4.936"/>
</testsuite> <!-- tests.LoginTest -->
