<?xml version="1.0" encoding="UTF-8"?>
<!-- Generated by org.testng.reporters.JUnitReportReporter -->
<testsuite hostname="LAPTOP-S3DRP5F2" failures="0" tests="2" name="tests.LoginTest" time="8.050" errors="0" timestamp="2025-08-02T14:57:35 IST" skipped="0">
  <testcase classname="tests.LoginTest" name="testLogin" time="4.096"/>
  <testcase classname="tests.LoginTest" name="testLogin" time="3.954"/>
</testsuite> <!-- tests.LoginTest -->
